<?xml version="1.0" encoding="UTF-8"?>
<!-- Generated by org.testng.reporters.JUnitReportReporter -->
<testsuite hostname="vinay" failures="0" tests="2" name="Test_NG.PARALLEL_TESTING" time="5.976" errors="0" timestamp="2025-05-21T14:54:23 IST" skipped="0">
  <testcase classname="Test_NG.PARALLEL_TESTING" name="demoq" time="3.778"/>
  <testcase classname="Test_NG.PARALLEL_TESTING" name="facebook" time="2.198"/>
</testsuite> <!-- Test_NG.PARALLEL_TESTING -->
