<?xml version="1.0" encoding="UTF-8"?>
<!-- Generated by org.testng.reporters.JUnitReportReporter -->
<testsuite hostname="vinay" failures="0" tests="1" name="Test_NG.parameters" time="0.006" errors="0" timestamp="2025-05-24T12:39:03 IST" skipped="0">
  <testcase classname="Test_NG.parameters" name="orangehrm" time="0.006"/>
</testsuite> <!-- Test_NG.parameters -->
