<?xml version="1.0" encoding="UTF-8"?>
<!-- Generated by org.testng.reporters.JUnitReportReporter -->
<testsuite hostname="vinay" failures="0" tests="4" name="cucumber_framework.project_testrunner" time="12.918" errors="0" timestamp="2025-06-18T09:34:29 IST" skipped="0">
  <testcase classname="cucumber_framework.project_testrunner" name="runScenario" time="0.681"/>
  <testcase classname="cucumber_framework.project_testrunner" name="runScenario" time="2.122"/>
  <testcase classname="cucumber_framework.project_testrunner" name="runScenario" time="1.883"/>
  <testcase classname="cucumber_framework.project_testrunner" name="runScenario" time="8.232"/>
</testsuite> <!-- cucumber_framework.project_testrunner -->
