<?xml version="1.0" encoding="UTF-8"?>
<!-- Generated by org.testng.reporters.JUnitReportReporter -->
<testsuite hostname="vinay" failures="0" tests="4" name="Test_NG.grouping" time="0.010" errors="0" timestamp="2025-05-21T16:25:17 IST" skipped="0">
  <testcase classname="Test_NG.grouping" name="moto2" time="0.001"/>
  <testcase classname="Test_NG.grouping" name="apple2" time="0.002"/>
  <testcase classname="Test_NG.grouping" name="apple1" time="0.007"/>
  <testcase classname="Test_NG.grouping" name="moto1" time="0.000"/>
</testsuite> <!-- Test_NG.grouping -->
