<?xml version="1.0" encoding="UTF-8"?>
<!-- Generated by org.testng.reporters.JUnitReportReporter -->
<testsuite hostname="vinay" failures="0" tests="8" name="testng.parallel_testing" time="0.022" errors="0" timestamp="2025-05-21T13:56:01 IST" skipped="0">
  <testcase classname="testng.parallel_testing" name="vivo2" time="0.001"/>
  <testcase classname="testng.parallel_testing" name="apple1" time="0.010"/>
  <testcase classname="testng.parallel_testing" name="moto1" time="0.002"/>
  <testcase classname="testng.parallel_testing" name="lenovo2" time="0.002"/>
  <testcase classname="testng.parallel_testing" name="moto2" time="0.001"/>
  <testcase classname="testng.parallel_testing" name="lenovo1" time="0.002"/>
  <testcase classname="testng.parallel_testing" name="vivo1" time="0.002"/>
  <testcase classname="testng.parallel_testing" name="apple2" time="0.002"/>
</testsuite> <!-- testng.parallel_testing -->
